<?xml version="1.0" encoding="UTF-8"?>
<!-- Generated by org.testng.reporters.JUnitReportReporter -->
<testsuite hostname="MwdWo" failures="1" tests="30" name="com.falak.qa.tests.NGramsToolTC" time="901.187" errors="0" timestamp="2025-08-25T07:46:50 AST" skipped="0">
  <testcase classname="com.falak.qa.tests.NGramsToolTC" name="TC06_verifyMinFreqIncrementDecrementViaJS" time="27.405"/>
  <testcase classname="com.falak.qa.tests.NGramsToolTC" name="TC14_verifyNGramsExportDownload" time="41.496"/>
  <testcase classname="com.falak.qa.tests.NGramsToolTC" name="TC21_verifyNGramsResultsPerPageDropdown" time="11.394"/>
  <testcase classname="com.falak.qa.tests.NGramsToolTC" name="TC12_verifyExportWithApiParity" time="88.941"/>
  <testcase classname="com.falak.qa.tests.NGramsToolTC" name="TC27_verifyNumericFilterMatchTypeOptions_forFrequency" time="29.536"/>
  <testcase classname="com.falak.qa.tests.NGramsToolTC" name="TC20_verifyHighlightedCurrentPageNumber" time="10.509"/>
  <testcase classname="com.falak.qa.tests.NGramsToolTC" name="TC03_verifyInfoPopupInNGramsTool" time="10.572"/>
  <testcase classname="com.falak.qa.tests.NGramsToolTC" name="TC15_verifyNGramsPaginationControlsVisible" time="10.225"/>
  <testcase classname="com.falak.qa.tests.NGramsToolTC" name="TC28_verifyFilterConditionAppliesCorrectly" time="28.748"/>
  <testcase classname="com.falak.qa.tests.NGramsToolTC" name="TC19_verifyNavigationToSpecificPage" time="9.356"/>
  <testcase classname="com.falak.qa.tests.NGramsToolTC" name="TC13_verifyExcludePunctuationFilter" time="43.709">
    <failure message="الخدمة أعادت خطأ شبكة: status=500 url=https://falak.ksaa.gov.sa/api/tools/ngram/babe4d42-221a-4fc1-8ce9-03bd3fa92dc1?n=2&amp;limit=1000&amp;pageNumber=0&amp;minFreq=2&amp;maxFreq=500000&amp;excludeWords=&amp;containWords=&amp;startWithWords=&amp;endWithWords=%D8%A7%D9%84%D8%B3%D9%8A%D8%A7%D8%B1%D8%A9&amp;excludeRegex=true type=2212.434" type="java.lang.AssertionError">
      <![CDATA[java.lang.AssertionError: الخدمة أعادت خطأ شبكة: status=500 url=https://falak.ksaa.gov.sa/api/tools/ngram/babe4d42-221a-4fc1-8ce9-03bd3fa92dc1?n=2&limit=1000&pageNumber=0&minFreq=2&maxFreq=500000&excludeWords=&containWords=&startWithWords=&endWithWords=%D8%A7%D9%84%D8%B3%D9%8A%D8%A7%D8%B1%D8%A9&excludeRegex=true type=2212.434
at org.testng.Assert.fail(Assert.java:111)
at com.falak.qa.tests.NGramsToolTC.TC13_verifyExcludePunctuationFilter(NGramsToolTC.java:1391)
at java.base/jdk.internal.reflect.DirectMethodHandleAccessor.invoke(DirectMethodHandleAccessor.java:103)
at java.base/java.lang.reflect.Method.invoke(Method.java:580)
at org.testng.internal.invokers.MethodInvocationHelper.invokeMethod(MethodInvocationHelper.java:141)
at org.testng.internal.invokers.TestInvoker.invokeMethod(TestInvoker.java:687)
at org.testng.internal.invokers.TestInvoker.invokeTestMethod(TestInvoker.java:230)
at org.testng.internal.invokers.MethodRunner.runInSequence(MethodRunner.java:63)
at org.testng.internal.invokers.TestInvoker$MethodInvocationAgent.invoke(TestInvoker.java:995)
at org.testng.internal.invokers.TestInvoker.invokeTestMethods(TestInvoker.java:203)
at org.testng.internal.invokers.TestMethodWorker.invokeTestMethods(TestMethodWorker.java:154)
at org.testng.internal.invokers.TestMethodWorker.run(TestMethodWorker.java:134)
at java.base/java.util.ArrayList.forEach(ArrayList.java:1596)
at org.testng.TestRunner.privateRun(TestRunner.java:741)
at org.testng.TestRunner.run(TestRunner.java:616)
at org.testng.SuiteRunner.runTest(SuiteRunner.java:421)
at org.testng.SuiteRunner.runSequentially(SuiteRunner.java:413)
at org.testng.SuiteRunner.privateRun(SuiteRunner.java:373)
at org.testng.SuiteRunner.run(SuiteRunner.java:312)
at org.testng.SuiteRunnerWorker.runSuite(SuiteRunnerWorker.java:52)
at org.testng.SuiteRunnerWorker.run(SuiteRunnerWorker.java:95)
at org.testng.TestNG.runSuitesSequentially(TestNG.java:1274)
at org.testng.TestNG.runSuitesLocally(TestNG.java:1208)
at org.testng.TestNG.runSuites(TestNG.java:1112)
at org.testng.TestNG.run(TestNG.java:1079)
at org.testng.remote.AbstractRemoteTestNG.run(AbstractRemoteTestNG.java:115)
at org.testng.remote.RemoteTestNG.initAndRun(RemoteTestNG.java:293)
at org.testng.remote.RemoteTestNG.main(RemoteTestNG.java:91)
]]>
    </failure>
  </testcase> <!-- TC13_verifyExcludePunctuationFilter -->
  <testcase classname="com.falak.qa.tests.NGramsToolTC" name="TC25_verifyFilterPopupAppearsForEachColumn" time="27.755"/>
  <testcase classname="com.falak.qa.tests.NGramsToolTC" name="TC17_verifyNavigationToNextPage" time="9.556"/>
  <testcase classname="com.falak.qa.tests.NGramsToolTC" name="TC22_verifyNGramsPaginationResetAfterChangingResultsPerPage" time="28.908"/>
  <testcase classname="com.falak.qa.tests.NGramsToolTC" name="TC02_verifyToolTitleIsDisplayedCorrectly" time="7.407"/>
  <testcase classname="com.falak.qa.tests.NGramsToolTC" name="TC04_verifyInfoPopupCanBeClosed" time="20.932"/>
  <testcase classname="com.falak.qa.tests.NGramsToolTC" name="TC16_verifyNGramsDefaultResultsPerPage" time="11.149"/>
  <testcase classname="com.falak.qa.tests.NGramsToolTC" name="TC10_verifyStartsWithFilter" time="74.391"/>
  <testcase classname="com.falak.qa.tests.NGramsToolTC" name="TC11_verifyEndsWithFilter" time="92.504"/>
  <testcase classname="com.falak.qa.tests.NGramsToolTC" name="TC09_verifyContainsFilter" time="60.047"/>
  <testcase classname="com.falak.qa.tests.NGramsToolTC" name="TC24_verifySortableColumnsFunctionality" time="10.729"/>
  <testcase classname="com.falak.qa.tests.NGramsToolTC" name="TC01_openNGramsToolFromHomePage" time="12.753"/>
  <testcase classname="com.falak.qa.tests.NGramsToolTC" name="TC08_verifyDoesNotContainFilter" time="29.413"/>
  <testcase classname="com.falak.qa.tests.NGramsToolTC" name="TC07_verifyMaxFreqIncrementDecrementViaJS" time="31.202"/>
  <testcase classname="com.falak.qa.tests.NGramsToolTC" name="TC05_verifyFilteredResultsMatchSelectedWordCount" time="28.737"/>
  <testcase classname="com.falak.qa.tests.NGramsToolTC" name="TC18_verifyNavigationToPreviousPage" time="8.458"/>
  <testcase classname="com.falak.qa.tests.NGramsToolTC" name="TC30_verifyChangingPageSizeWhileFilterActive" time="32.334"/>
  <testcase classname="com.falak.qa.tests.NGramsToolTC" name="TC26_verifyFilterMatchTypeOptions" time="29.080"/>
  <testcase classname="com.falak.qa.tests.NGramsToolTC" name="TC29_verifyAddingMultipleFilterConditionsInSameColumn" time="54.956"/>
  <testcase classname="com.falak.qa.tests.NGramsToolTC" name="TC23_verifyResultsTableDisplaysDataOnValidSearch" time="18.985"/>
</testsuite> <!-- com.falak.qa.tests.NGramsToolTC -->
